<?xml version="1.0" encoding="UTF-8"?>
<!-- Generated by org.testng.reporters.JUnitReportReporter -->
<testsuite hostname="keerthu" failures="0" tests="1" name="day9.day10one" time="26.351" errors="0" timestamp="2023-04-19T09:44:48 IST" skipped="0">
  <testcase classname="day9.day10one" name="function" time="26.351"/>
  <system-out/>
</testsuite> <!-- day9.day10one -->
