<?xml version="1.0" encoding="UTF-8"?>
<!-- Generated by org.testng.reporters.JUnitReportReporter -->
<testsuite hostname="keerthu" failures="0" tests="2" name="day10.classexercise1" time="53.711" errors="0" timestamp="2023-04-19T16:26:31 IST" skipped="0">
  <testcase classname="day10.classexercise1" name="f1" time="28.192"/>
  <system-out/>
  <testcase classname="day10.classexercise1" name="f" time="25.519"/>
  <system-out/>
</testsuite> <!-- day10.classexercise1 -->
